INFO:root:   Output path: /home/physics/physusers/krupaw/python_project
WARNING:matplotlib.legend:No handles with labels found to put in legend.
WARNING:matplotlib.legend:No handles with labels found to put in legend.
WARNING:matplotlib.legend:No handles with labels found to put in legend.
WARNING:matplotlib.legend:No handles with labels found to put in legend.
INFO:root:   Size of data: (4238, 17)
INFO:root:   Number of events: 4238
INFO:root:   Number of columns: 17
INFO:root:   List of possible features in dataset:
INFO:root:	Unnamed: 0
INFO:root:	DeltaR_lab23
INFO:root:	DeltaR_lab45
INFO:root:	Label
INFO:root:	lab0_ENDVERTEX_CHI2
INFO:root:	lab0_IPCHI2_OWNPV
INFO:root:	lab0_RFD
INFO:root:	lab0_ptasy_1.50
INFO:root:	lab10_IPCHI2_OWNPV
INFO:root:	lab2_FDCHI2_OWNPV
INFO:root:	lab2_IPCHI2_OWNPV
INFO:root:	lab2_PT
INFO:root:	lab4_ENDVERTEX_CHI2
INFO:root:	lab4_RFD
INFO:root:	lab5_PT
INFO:root:	lab8_PT
INFO:root:	lab9_IPCHI2_OWNPV
INFO:root:   Number of signal events: 929
INFO:root:   Number of background events: 3309
INFO:root:   Fraction signal: 0.21920717319490327
INFO:root:   Number of training samples: 3178
INFO:root:   Number of testing samples: 3178
INFO:root:   Number of signal events in training set: 702
INFO:root:   Number of background events in training set: 2476
INFO:root:   Fraction signal: 0.2208936438011328
INFO:root:   Number of training samples: 3178
INFO:root:   Number of test_data_matrixing samples: 3178
INFO:root:   Number of signal events in training set: 702
INFO:root:   [0]	eval-error:0.000000	eval-logloss:0.003189	eval-rmse:0.010927	eval-auc:1.000000
INFO:root:   Confusion matrix: 
INFO:root:   CM :  Area of the surface under the ROC curve: 1.0
INFO:root:   CM :  Area of the surface under the best cut (ROC 1 - (specificity : sensitivity)): 1.0
INFO:root:   CM :  Best cut (ROC 1): 0.12121212121212122
INFO:root:   CM :  Area of the surface under the best cut (ROC 2 - (precision : sensitivity)): 1.0
INFO:root:   CM :  Best cut (ROC 2): 0.12121212121212122
INFO:root:   CM :  Distance to the 1:1 line (precision = specificity): 0.0
INFO:root:   CM :  Best cut (dist): 0.12121212121212122
INFO:root:   CM :  Best average cut: 0.12121212121212122
INFO:root:   Output path: /home/physics/physusers/krupaw/python_project
WARNING:matplotlib.legend:No handles with labels found to put in legend.
WARNING:matplotlib.legend:No handles with labels found to put in legend.
WARNING:matplotlib.legend:No handles with labels found to put in legend.
WARNING:matplotlib.legend:No handles with labels found to put in legend.
INFO:root:   Size of data: (4238, 17)
INFO:root:   Number of events: 4238
INFO:root:   Number of columns: 17
INFO:root:   List of possible features in dataset:
INFO:root:	Unnamed: 0
INFO:root:	DeltaR_lab23
INFO:root:	DeltaR_lab45
INFO:root:	Label
INFO:root:	lab0_ENDVERTEX_CHI2
INFO:root:	lab0_IPCHI2_OWNPV
INFO:root:	lab0_RFD
INFO:root:	lab0_ptasy_1.50
INFO:root:	lab10_IPCHI2_OWNPV
INFO:root:	lab2_FDCHI2_OWNPV
INFO:root:	lab2_IPCHI2_OWNPV
INFO:root:	lab2_PT
INFO:root:	lab4_ENDVERTEX_CHI2
INFO:root:	lab4_RFD
INFO:root:	lab5_PT
INFO:root:	lab8_PT
INFO:root:	lab9_IPCHI2_OWNPV
INFO:root:   Number of signal events: 929
INFO:root:   Number of background events: 3309
INFO:root:   Fraction signal: 0.21920717319490327
INFO:root:   Number of training samples: 3178
INFO:root:   Number of testing samples: 1060
INFO:root:   Number of signal events in training set: 702
INFO:root:   Number of background events in training set: 2476
INFO:root:   Fraction signal: 0.2208936438011328
INFO:root:   Number of training samples: 3178
INFO:root:   Number of test_data_matrixing samples: 1060
INFO:root:   Number of signal events in training set: 702
INFO:root:   [0]	eval-error:0.024528	eval-logloss:0.081424	eval-rmse:0.141176	eval-auc:0.993358
INFO:root:   Confusion matrix: 
INFO:root:   CM :  Area of the surface under the ROC curve: 0.99335
INFO:root:   CM :  Area of the surface under the best cut (ROC 1 - (specificity : sensitivity)): 0.9375644530940128
INFO:root:   CM :  Best cut (ROC 1): 0.030303030303030304
INFO:root:   CM :  Area of the surface under the best cut (ROC 2 - (precision : sensitivity)): 0.8990108885379436
INFO:root:   CM :  Best cut (ROC 2): 0.7070707070707072
INFO:root:   CM :  Distance to the 1:1 line (precision = specificity): 0.0
INFO:root:   CM :  Best cut (dist): 0.38383838383838387
INFO:root:   CM :  Best average cut: 0.3737373737373738
INFO:root:   Output path: /home/physics/physusers/krupaw/python_project
WARNING:matplotlib.legend:No handles with labels found to put in legend.
WARNING:matplotlib.legend:No handles with labels found to put in legend.
WARNING:matplotlib.legend:No handles with labels found to put in legend.
WARNING:matplotlib.legend:No handles with labels found to put in legend.
INFO:root:   Size of data: (2776, 17)
INFO:root:   Number of events: 2776
INFO:root:   Number of columns: 17
INFO:root:   List of possible features in dataset:
INFO:root:	Unnamed: 0
INFO:root:	DeltaR_lab23
INFO:root:	DeltaR_lab45
INFO:root:	Label
INFO:root:	lab0_ENDVERTEX_CHI2
INFO:root:	lab0_IPCHI2_OWNPV
INFO:root:	lab0_RFD
INFO:root:	lab0_ptasy_1.50
INFO:root:	lab10_IPCHI2_OWNPV
INFO:root:	lab2_FDCHI2_OWNPV
INFO:root:	lab2_IPCHI2_OWNPV
INFO:root:	lab2_PT
INFO:root:	lab4_ENDVERTEX_CHI2
INFO:root:	lab4_RFD
INFO:root:	lab5_PT
INFO:root:	lab8_PT
INFO:root:	lab9_IPCHI2_OWNPV
INFO:root:   Number of signal events: 398
INFO:root:   Number of background events: 2378
INFO:root:   Fraction signal: 0.14337175792507204
INFO:root:   Number of training samples: 1388
INFO:root:   Number of testing samples: 1388
INFO:root:   Number of signal events in training set: 202
INFO:root:   Number of background events in training set: 1186
INFO:root:   Fraction signal: 0.14553314121037464
INFO:root:   [0]	eval-error:0.019452	eval-logloss:0.059385	eval-rmse:0.125254	eval-auc:0.995998
INFO:root:   Confusion matrix: 
INFO:root:   CM :  Area of the surface under the ROC curve: 0.99599
INFO:root:   CM :  Area of the surface under the best cut (ROC 1 - (specificity : sensitivity)): 0.9463087248322147
INFO:root:   CM :  Best cut (ROC 1): 0.11111111111111112
INFO:root:   CM :  Area of the surface under the best cut (ROC 2 - (precision : sensitivity)): 0.886382471770434
INFO:root:   CM :  Best cut (ROC 2): 0.17171717171717174
INFO:root:   CM :  Distance to the 1:1 line (precision = specificity): 0.004791256604164462
INFO:root:   CM :  Best cut (dist): 0.17171717171717174
INFO:root:   CM :  Best average cut: 0.15151515151515155
INFO:root:   Output path: /home/physics/physusers/krupaw/python_project
INFO:root:   Output path: /home/physics/physusers/krupaw/python_project
INFO:root:   Output path: /home/physics/physusers/krupaw/python_project
INFO:root:   Output path: /home/physics/physusers/krupaw/python_project
INFO:root:   Output path: /home/physics/physusers/krupaw/python_project
WARNING:matplotlib.legend:No handles with labels found to put in legend.
WARNING:matplotlib.legend:No handles with labels found to put in legend.
WARNING:matplotlib.legend:No handles with labels found to put in legend.
WARNING:matplotlib.legend:No handles with labels found to put in legend.
INFO:root:   Size of data: (8470, 17)
INFO:root:   Number of events: 8470
INFO:root:   Number of columns: 17
INFO:root:   List of possible features in dataset:
INFO:root:	Unnamed: 0
INFO:root:	DeltaR_lab23
INFO:root:	DeltaR_lab45
INFO:root:	Label
INFO:root:	lab0_ENDVERTEX_CHI2
INFO:root:	lab0_IPCHI2_OWNPV
INFO:root:	lab0_RFD
INFO:root:	lab0_ptasy_1.50
INFO:root:	lab10_IPCHI2_OWNPV
INFO:root:	lab2_FDCHI2_OWNPV
INFO:root:	lab2_IPCHI2_OWNPV
INFO:root:	lab2_PT
INFO:root:	lab4_ENDVERTEX_CHI2
INFO:root:	lab4_RFD
INFO:root:	lab5_PT
INFO:root:	lab8_PT
INFO:root:	lab9_IPCHI2_OWNPV
INFO:root:   Number of signal events: 1976
INFO:root:   Number of background events: 6494
INFO:root:   Fraction signal: 0.2332939787485242
INFO:root:   Number of training samples: 4235
INFO:root:   Number of testing samples: 4235
INFO:root:   Number of signal events in training set: 928
INFO:root:   Number of background events in training set: 3307
INFO:root:   Fraction signal: 0.21912632821723732
INFO:root:   [0]	eval-error:0.027391	eval-logloss:0.091967	eval-rmse:0.151104	eval-auc:0.994024
INFO:root:   Confusion matrix: 
INFO:root:   CM :  Area of the surface under the ROC curve: 0.99402
INFO:root:   CM :  Area of the surface under the best cut (ROC 1 - (specificity : sensitivity)): 0.9325144851340249
INFO:root:   CM :  Best cut (ROC 1): 0.15151515151515152
INFO:root:   CM :  Area of the surface under the best cut (ROC 2 - (precision : sensitivity)): 0.8935284303158268
INFO:root:   CM :  Best cut (ROC 2): 0.48484848484848486
INFO:root:   CM :  Distance to the 1:1 line (precision = specificity): 0.0
INFO:root:   CM :  Best cut (dist): 0.42424242424242425
INFO:root:   CM :  Best average cut: 0.35353535353535354
INFO:root:   Output path: /home/physics/physusers/krupaw/python_project
WARNING:matplotlib.legend:No handles with labels found to put in legend.
WARNING:matplotlib.legend:No handles with labels found to put in legend.
WARNING:matplotlib.legend:No handles with labels found to put in legend.
WARNING:matplotlib.legend:No handles with labels found to put in legend.
INFO:root:   Size of data: (8470, 17)
INFO:root:   Number of events: 8470
INFO:root:   Number of columns: 17
INFO:root:   List of possible features in dataset:
INFO:root:	Unnamed: 0
INFO:root:	DeltaR_lab23
INFO:root:	DeltaR_lab45
INFO:root:	Label
INFO:root:	lab0_ENDVERTEX_CHI2
INFO:root:	lab0_IPCHI2_OWNPV
INFO:root:	lab0_RFD
INFO:root:	lab0_ptasy_1.50
INFO:root:	lab10_IPCHI2_OWNPV
INFO:root:	lab2_FDCHI2_OWNPV
INFO:root:	lab2_IPCHI2_OWNPV
INFO:root:	lab2_PT
INFO:root:	lab4_ENDVERTEX_CHI2
INFO:root:	lab4_RFD
INFO:root:	lab5_PT
INFO:root:	lab8_PT
INFO:root:	lab9_IPCHI2_OWNPV
INFO:root:   Number of signal events: 1976
INFO:root:   Number of background events: 6494
INFO:root:   Fraction signal: 0.2332939787485242
INFO:root:   Number of training samples: 4235
INFO:root:   Number of testing samples: 4235
INFO:root:   Number of signal events in training set: 928
INFO:root:   Number of background events in training set: 3307
INFO:root:   Fraction signal: 0.21912632821723732
INFO:root:   [0]	eval-error:0.027391	eval-logloss:0.091967	eval-rmse:0.151104	eval-auc:0.994024
INFO:root:   Confusion matrix: 
INFO:root:   CM :  Area of the surface under the ROC curve: 0.99402
INFO:root:   CM :  Area of the surface under the best cut (ROC 1 - (specificity : sensitivity)): 0.9325144851340249
INFO:root:   CM :  Best cut (ROC 1): 0.15151515151515152
INFO:root:   CM :  Area of the surface under the best cut (ROC 2 - (precision : sensitivity)): 0.8935284303158268
INFO:root:   CM :  Best cut (ROC 2): 0.48484848484848486
INFO:root:   CM :  Distance to the 1:1 line (precision = specificity): 0.0
INFO:root:   CM :  Best cut (dist): 0.42424242424242425
INFO:root:   CM :  Best average cut: 0.35353535353535354
INFO:root:   Output path: /home/physics/physusers/krupaw/python_project
WARNING:matplotlib.legend:No handles with labels found to put in legend.
WARNING:matplotlib.legend:No handles with labels found to put in legend.
WARNING:matplotlib.legend:No handles with labels found to put in legend.
WARNING:matplotlib.legend:No handles with labels found to put in legend.
INFO:root:   Size of data: (8470, 17)
INFO:root:   Number of events: 8470
INFO:root:   Number of columns: 17
INFO:root:   List of possible features in dataset:
INFO:root:	Unnamed: 0
INFO:root:	DeltaR_lab23
INFO:root:	DeltaR_lab45
INFO:root:	Label
INFO:root:	lab0_ENDVERTEX_CHI2
INFO:root:	lab0_IPCHI2_OWNPV
INFO:root:	lab0_RFD
INFO:root:	lab0_ptasy_1.50
INFO:root:	lab10_IPCHI2_OWNPV
INFO:root:	lab2_FDCHI2_OWNPV
INFO:root:	lab2_IPCHI2_OWNPV
INFO:root:	lab2_PT
INFO:root:	lab4_ENDVERTEX_CHI2
INFO:root:	lab4_RFD
INFO:root:	lab5_PT
INFO:root:	lab8_PT
INFO:root:	lab9_IPCHI2_OWNPV
INFO:root:   Number of signal events: 1976
INFO:root:   Number of background events: 6494
INFO:root:   Fraction signal: 0.2332939787485242
INFO:root:   Number of training samples: 4235
INFO:root:   Number of testing samples: 4235
INFO:root:   Number of signal events in training set: 928
INFO:root:   Number of background events in training set: 3307
INFO:root:   Fraction signal: 0.21912632821723732
INFO:root:   [0]	eval-error:0.027391	eval-logloss:0.091967	eval-rmse:0.151104	eval-auc:0.994024
INFO:root:   Confusion matrix: 
INFO:root:   CM :  Area of the surface under the ROC curve: 0.99402
INFO:root:   CM :  Area of the surface under the best cut (ROC 1 - (specificity : sensitivity)): 0.9325144851340249
INFO:root:   CM :  Best cut (ROC 1): 0.15151515151515152
INFO:root:   CM :  Area of the surface under the best cut (ROC 2 - (precision : sensitivity)): 0.8935284303158268
INFO:root:   CM :  Best cut (ROC 2): 0.48484848484848486
INFO:root:   CM :  Distance to the 1:1 line (precision = specificity): 0.0
INFO:root:   CM :  Best cut (dist): 0.42424242424242425
INFO:root:   CM :  Best average cut: 0.35353535353535354
INFO:root:   Output path: /home/physics/physusers/krupaw/python_project
WARNING:matplotlib.legend:No handles with labels found to put in legend.
WARNING:matplotlib.legend:No handles with labels found to put in legend.
WARNING:matplotlib.legend:No handles with labels found to put in legend.
WARNING:matplotlib.legend:No handles with labels found to put in legend.
INFO:root:   Size of data: (8470, 17)
INFO:root:   Number of events: 8470
INFO:root:   Number of columns: 17
INFO:root:   List of possible features in dataset:
INFO:root:	Unnamed: 0
INFO:root:	DeltaR_lab23
INFO:root:	DeltaR_lab45
INFO:root:	Label
INFO:root:	lab0_ENDVERTEX_CHI2
INFO:root:	lab0_IPCHI2_OWNPV
INFO:root:	lab0_RFD
INFO:root:	lab0_ptasy_1.50
INFO:root:	lab10_IPCHI2_OWNPV
INFO:root:	lab2_FDCHI2_OWNPV
INFO:root:	lab2_IPCHI2_OWNPV
INFO:root:	lab2_PT
INFO:root:	lab4_ENDVERTEX_CHI2
INFO:root:	lab4_RFD
INFO:root:	lab5_PT
INFO:root:	lab8_PT
INFO:root:	lab9_IPCHI2_OWNPV
INFO:root:   Number of signal events: 1976
INFO:root:   Number of background events: 6494
INFO:root:   Fraction signal: 0.2332939787485242
INFO:root:   Number of training samples: 4235
INFO:root:   Number of testing samples: 4235
INFO:root:   Number of signal events in training set: 928
INFO:root:   Number of background events in training set: 3307
INFO:root:   Fraction signal: 0.21912632821723732
INFO:root:   [0]	eval-error:0.027391	eval-logloss:0.091967	eval-rmse:0.151104	eval-auc:0.994024
INFO:root:   Confusion matrix: 
INFO:root:   CM :  Area of the surface under the ROC curve: 0.99402
INFO:root:   CM :  Area of the surface under the best cut (ROC 1 - (specificity : sensitivity)): 0.9325144851340249
INFO:root:   CM :  Best cut (ROC 1): 0.15151515151515152
INFO:root:   CM :  Area of the surface under the best cut (ROC 2 - (precision : sensitivity)): 0.8935284303158268
INFO:root:   CM :  Best cut (ROC 2): 0.48484848484848486
INFO:root:   CM :  Distance to the 1:1 line (precision = specificity): 0.0
INFO:root:   CM :  Best cut (dist): 0.42424242424242425
INFO:root:   CM :  Best average cut: 0.35353535353535354
INFO:root:   Output path: /data1/DATA_SZUMLAK/python_project
WARNING:matplotlib.legend:No handles with labels found to put in legend.
WARNING:matplotlib.legend:No handles with labels found to put in legend.
WARNING:matplotlib.legend:No handles with labels found to put in legend.
WARNING:matplotlib.legend:No handles with labels found to put in legend.
INFO:root:   Size of data: (8470, 17)
INFO:root:   Number of events: 8470
INFO:root:   Number of columns: 17
INFO:root:   List of possible features in dataset:
INFO:root:	Unnamed: 0
INFO:root:	DeltaR_lab23
INFO:root:	DeltaR_lab45
INFO:root:	Label
INFO:root:	lab0_ENDVERTEX_CHI2
INFO:root:	lab0_IPCHI2_OWNPV
INFO:root:	lab0_RFD
INFO:root:	lab0_ptasy_1.50
INFO:root:	lab10_IPCHI2_OWNPV
INFO:root:	lab2_FDCHI2_OWNPV
INFO:root:	lab2_IPCHI2_OWNPV
INFO:root:	lab2_PT
INFO:root:	lab4_ENDVERTEX_CHI2
INFO:root:	lab4_RFD
INFO:root:	lab5_PT
INFO:root:	lab8_PT
INFO:root:	lab9_IPCHI2_OWNPV
INFO:root:   Number of signal events: 1976
INFO:root:   Number of background events: 6494
INFO:root:   Fraction signal: 0.2332939787485242
INFO:root:   Number of training samples: 4235
INFO:root:   Number of testing samples: 4235
INFO:root:   Number of signal events in training set: 928
INFO:root:   Number of background events in training set: 3307
INFO:root:   Fraction signal: 0.21912632821723732
INFO:root:   [0]	eval-error:0.027391	eval-logloss:0.091967	eval-rmse:0.151104	eval-auc:0.994024
INFO:root:   Confusion matrix: 
INFO:root:   CM :  Area of the surface under the ROC curve: 0.99402
INFO:root:   CM :  Area of the surface under the best cut (ROC 1 - (specificity : sensitivity)): 0.9325144851340249
INFO:root:   CM :  Best cut (ROC 1): 0.15151515151515152
INFO:root:   CM :  Area of the surface under the best cut (ROC 2 - (precision : sensitivity)): 0.8935284303158268
INFO:root:   CM :  Best cut (ROC 2): 0.48484848484848486
INFO:root:   CM :  Distance to the 1:1 line (precision = specificity): 0.0
INFO:root:   CM :  Best cut (dist): 0.42424242424242425
INFO:root:   CM :  Best average cut: 0.35353535353535354
